<?xml version="1.0" encoding="UTF-8"?>
<testng-results skipped="0" failed="0" ignored="0" total="1" passed="1">
  <reporter-output>
  </reporter-output>
  <suite name="Default Suite" duration-ms="125" started-at="2020-09-03T16:57:32 CST" finished-at="2020-09-03T16:57:32 CST">
    <groups>
    </groups>
    <test name="Maven" duration-ms="125" started-at="2020-09-03T16:57:32 CST" finished-at="2020-09-03T16:57:32 CST">
      <class name="testng.demo.TestCount">
        <test-method status="PASS" signature="testAdd()[pri:0, instance:testng.demo.TestCount@32eebfca]" name="testAdd" duration-ms="25" started-at="2020-09-03T16:57:32 CST" finished-at="2020-09-03T16:57:32 CST">
          <reporter-output>
          </reporter-output>
        </test-method> <!-- testAdd -->
      </class> <!-- testng.demo.TestCount -->
    </test> <!-- Maven -->
  </suite> <!-- Default Suite -->
</testng-results>
